<?xml version="1.0" encoding="UTF-8"?>
<testsuite xmlns:xsi="http://www.w3.org/2001/XMLSchema-instance" xsi:noNamespaceSchemaLocation="https://maven.apache.org/surefire/maven-surefire-plugin/xsd/surefire-test-report-3.0.xsd" version="3.0" name="com.trainingdev.td_bs_management_notification.TdBsManagementNotificationApplicationTests" time="0.023" tests="1" errors="0" skipped="0" failures="0">
  <properties>
[...]
</properties>
  <testcase name="contextLoads" classname="com.trainingdev.td_bs_management_notification.TdBsManagementNotificationApplicationTests" time="0.003">
    <system-out><![CDATA[2024-09-28T00:21:20.595-05:00  INFO 23856 --- [           main] t.c.s.AnnotationConfigContextLoaderUtils : Could not detect default configuration classes for test class [com.trainingdev.td_bs_management_notification.TdBsManagementNotificationApplicationTests]: TdBsManagementNotificationApplicationTests does not declare any static, non-private, non-final, nested classes annotated with @Configuration.
2024-09-28T00:21:20.607-05:00  INFO 23856 --- [           main] .b.t.c.SpringBootTestContextBootstrapper : Found @SpringBootConfiguration com.trainingdev.td_bs_management_notification.TdBsManagementNotificationApplication for test class com.trainingdev.td_bs_management_notification.TdBsManagementNotificationApplicationTests
]]></system-out>
  </testcase>
</testsuite>