<?xml version="1.0" encoding="UTF-8"?>
<testsuite xmlns:xsi="http://www.w3.org/2001/XMLSchema-instance" xsi:noNamespaceSchemaLocation="https://maven.apache.org/surefire/maven-surefire-plugin/xsd/surefire-test-report-3.0.xsd" version="3.0" name="com.trainingdev.td_bs_management_user.service.UserServiceImplTest" time="2.411" tests="5" errors="0" skipped="0" failures="0">
  <properties>
[...]
</properties>
  <testcase name="getUserById_when_return_NotFound" classname="com.trainingdev.td_bs_management_user.service.UserServiceImplTest" time="0.016">
    <system-out><![CDATA[2024-07-12T09:33:42.230-05:00  INFO 9280 --- [           main] t.c.s.AnnotationConfigContextLoaderUtils : Could not detect default configuration classes for test class [com.trainingdev.td_bs_management_user.service.UserServiceImplTest]: UserServiceImplTest does not declare any static, non-private, non-final, nested classes annotated with @Configuration.
2024-07-12T09:33:42.261-05:00  INFO 9280 --- [           main] .b.t.c.SpringBootTestContextBootstrapper : Found @SpringBootConfiguration com.trainingdev.td_bs_management_user.TdBsManagementUserApplication for test class com.trainingdev.td_bs_management_user.service.UserServiceImplTest

  .   ____          _            __ _ _
 /\\ / ___'_ __ _ _(_)_ __  __ _ \ \ \ \
( ( )\___ | '_ | '_| | '_ \/ _` | \ \ \ \
 \\/  ___)| |_)| | | | | || (_| |  ) ) ) )
  '  |____| .__|_| |_|_| |_\__, | / / / /
 =========|_|==============|___/=/_/_/_/
 :: Spring Boot ::                (v3.2.3)

2024-07-12T09:33:42.277-05:00  INFO 9280 --- [           main] c.t.t.service.UserServiceImplTest        : Starting UserServiceImplTest using Java 17.0.11 with PID 9280 (started by santiago.lozanomurci in C:\SANTIAGO_LOZANO\TraningDev\TraningDev Project\td-bs-management-user)
2024-07-12T09:33:42.277-05:00  INFO 9280 --- [           main] c.t.t.service.UserServiceImplTest        : No active profile set, falling back to 1 default profile: "default"
2024-07-12T09:33:42.648-05:00  INFO 9280 --- [           main] .s.d.r.c.RepositoryConfigurationDelegate : Bootstrapping Spring Data JPA repositories in DEFAULT mode.
2024-07-12T09:33:42.743-05:00  INFO 9280 --- [           main] .s.d.r.c.RepositoryConfigurationDelegate : Finished Spring Data repository scanning in 70 ms. Found 1 JPA repository interface.
2024-07-12T09:33:42.931-05:00  INFO 9280 --- [           main] com.zaxxer.hikari.HikariDataSource       : HikariPool-1 - Starting...
2024-07-12T09:33:43.088-05:00  INFO 9280 --- [           main] com.zaxxer.hikari.pool.HikariPool        : HikariPool-1 - Added connection conn0: url=jdbc:h2:mem:testdb user=SA
2024-07-12T09:33:43.088-05:00  INFO 9280 --- [           main] com.zaxxer.hikari.HikariDataSource       : HikariPool-1 - Start completed.
2024-07-12T09:33:43.119-05:00  INFO 9280 --- [           main] o.hibernate.jpa.internal.util.LogHelper  : HHH000204: Processing PersistenceUnitInfo [name: default]
2024-07-12T09:33:43.198-05:00  INFO 9280 --- [           main] org.hibernate.Version                    : HHH000412: Hibernate ORM core version 6.4.4.Final
2024-07-12T09:33:43.229-05:00  INFO 9280 --- [           main] o.h.c.internal.RegionFactoryInitiator    : HHH000026: Second-level cache disabled
2024-07-12T09:33:43.323-05:00  INFO 9280 --- [           main] o.s.o.j.p.SpringPersistenceUnitInfo      : No LoadTimeWeaver setup: ignoring JPA class transformer
2024-07-12T09:33:43.361-05:00  WARN 9280 --- [           main] org.hibernate.orm.deprecation            : HHH90000025: H2Dialect does not need to be specified explicitly using 'hibernate.dialect' (remove the property setting and it will be selected by default)
2024-07-12T09:33:44.044-05:00  INFO 9280 --- [           main] o.h.e.t.j.p.i.JtaPlatformInitiator       : HHH000489: No JTA platform available (set 'hibernate.transaction.jta.platform' to enable JTA platform integration)
2024-07-12T09:33:44.092-05:00  INFO 9280 --- [           main] j.LocalContainerEntityManagerFactoryBean : Initialized JPA EntityManagerFactory for persistence unit 'default'
2024-07-12T09:33:44.358-05:00  WARN 9280 --- [           main] JpaBaseConfiguration$JpaWebConfiguration : spring.jpa.open-in-view is enabled by default. Therefore, database queries may be performed during view rendering. Explicitly configure spring.jpa.open-in-view to disable this warning
2024-07-12T09:33:44.437-05:00  INFO 9280 --- [           main] o.s.b.a.h2.H2ConsoleAutoConfiguration    : H2 console available at '/h2-console'. Database available at 'jdbc:h2:mem:testdb'
2024-07-12T09:33:44.468-05:00  INFO 9280 --- [           main] c.t.t.service.UserServiceImplTest        : Started UserServiceImplTest in 2.207 seconds (process running for 6.124)
]]></system-out>
  </testcase>
  <testcase name="updateUserNotFound_when_return_not_found" classname="com.trainingdev.td_bs_management_user.service.UserServiceImplTest" time="0.0"/>
  <testcase name="updateUser_when_return_success" classname="com.trainingdev.td_bs_management_user.service.UserServiceImplTest" time="0.0"/>
  <testcase name="getUserById_when_return_success" classname="com.trainingdev.td_bs_management_user.service.UserServiceImplTest" time="0.016"/>
  <testcase name="createUser_when_return_success" classname="com.trainingdev.td_bs_management_user.service.UserServiceImplTest" time="0.0"/>
</testsuite>